[EVALUATOR] 2022-02-07 01:15:54,270: Preprocessing for files None
[EVALUATOR] 2022-02-09 15:42:03,675: Preprocessing for files None
[EVALUATOR] 2022-02-09 17:46:15,751: Preprocessing for files []
[EVALUATOR] 2022-02-09 17:49:27,774: Preprocessing for files None
[EVALUATOR] 2022-02-09 17:53:19,627: Preprocessing for files ['test.py']
[EVALUATOR] 2022-02-09 23:26:40,464: Preprocessing for files ['.']
[EVALUATOR] 2022-02-09 23:26:57,592: Preprocessing for files ['./repl.py']
[EVALUATOR] 2022-02-10 10:44:52,760: Preprocessing for files ['/Users/joker/Documents/fun/vms-search']
[EVALUATOR] 2022-02-10 14:55:20,734: Preprocessing for files ['./ex1.docx']
[EVALUATOR] 2022-02-10 19:18:52,398: Preprocessing for files ['./ex1.py']
[EVALUATOR] 2022-02-10 19:19:00,773: Preprocessing for files ['./ex1.docx']
[EVALUATOR] 2022-02-10 19:22:17,250: Preprocessing for files ['./ex1.docx']
[EVALUATOR] 2022-02-10 19:25:29,808: Preprocessing for files ['./ex1.docx']
[EVALUATOR] 2022-02-10 19:25:58,191: Preprocessing for files ['ex1.docx']
[EVALUATOR] 2022-02-10 19:26:28,008: Preprocessing for files ['ex1.docx']
[EVALUATOR] 2022-02-10 19:29:49,029: Preprocessing for files ['ex1.docx']
[EVALUATOR] 2022-02-10 19:39:00,068: Preprocessing for files ['ex1.docx', 'ex2.docx', 'demo.docx']
[EVALUATOR] 2022-02-10 19:41:00,402: Preprocessing for files ['ex1.docx', 'demo.docx']
[EVALUATOR] 2022-02-10 19:41:28,586: Preprocessing for files ['ex1.docx', 'demo.docx']
[EVALUATOR] 2022-02-10 19:43:29,185: Preprocessing for files ['demo.docx']
[EVALUATOR] 2022-02-10 21:19:37,374: Preprocessing for files ['mock.docx']
[EVALUATOR] 2022-02-10 21:19:51,185: Preprocessing for files ['demo.docx']
[EVALUATOR] 2022-02-10 21:20:28,031: Preprocessing for files ['ex1.docx', 'demo.docx']
[EVALUATOR] 2022-02-10 21:21:33,685: Preprocessing for files ['ex1.docx', 'demo.docx']
[EVALUATOR] 2022-02-10 21:28:40,512: Preprocessing for files ['ex1.docx']
[EVALUATOR] 2022-02-10 21:29:01,702: Preprocessing for files ['ex1.docx', 'demo.docx']
[EVALUATOR] 2022-02-10 21:31:29,684: Preprocessing for files ['demo.docx']
[EVALUATOR] 2022-02-10 21:31:55,732: Preprocessing for files ['ex1.docx', 'ex2.docx', 'demo.docx']
[EVALUATOR] 2022-02-10 21:32:51,643: Preprocessing for files ['ex1.docx', 'demo.docx']
[EVALUATOR] 2022-02-10 21:35:18,761: Preprocessing for files ['ex1.docx', 'demo.docx']
[EVALUATOR] 2022-02-10 21:37:41,502: Preprocessing for files ['ex1.docx', 'demo.docx']
[EVALUATOR] 2022-02-10 21:41:39,513: Preprocessing for files ['demo.c']
[EVALUATOR] 2022-02-10 21:41:46,122: Preprocessing for files ['demo.docx']
[EVALUATOR] 2022-02-10 21:42:53,242: Preprocessing for files ['demo.docx']
[EVALUATOR] 2022-02-10 21:43:59,905: Preprocessing for files ['demo.docx']
[EVALUATOR] 2022-02-10 21:56:06,152: Preprocessing for files ['ex1.docx']
[EVALUATOR] 2022-02-10 21:56:37,935: Preprocessing for files ['ex1.docx']
[EVALUATOR] 2022-02-10 21:57:17,502: Preprocessing for files ['demo.docx']
[EVALUATOR] 2022-02-10 21:57:50,422: Preprocessing for files ['ex1.docx', 'demo.docx']
[EVALUATOR] 2022-02-10 21:58:19,085: Preprocessing for files ['ex1.docx', 'ex2.docx', 'demo.docx']
[EVALUATOR] 2022-02-10 22:00:34,419: Preprocessing for files ['ex1.docx']
[EVALUATOR] 2022-02-10 22:00:57,506: Preprocessing for files ['ex1.docx', 'ex2.docx', 'demo.docx']
[EVALUATOR] 2022-02-10 23:28:08,999: Preprocessing for files ['ex1.docx', 'ex2.docx', 'demo.docx']
[EVALUATOR] 2022-02-10 23:28:48,957: Preprocessing for files ['ex1.docx', 'ex2.docx', 'demo.docx']
[EVALUATOR] 2022-02-10 23:31:51,590: Preprocessing for files ['ex1.docx']
[EVALUATOR] 2022-02-10 23:32:14,187: Preprocessing for files ['ex1.docx']
[EVALUATOR] 2022-02-10 23:32:38,363: Preprocessing for files ['ex1.docx']
[EVALUATOR] 2022-02-10 23:33:01,163: Preprocessing for files ['ex1.docx']
[EVALUATOR] 2022-02-10 23:33:24,651: Preprocessing for files ['ex1.docx']
[EVALUATOR] 2022-02-10 23:33:37,906: Preprocessing for files ['ex1.docx']
[EVALUATOR] 2022-02-10 23:34:18,379: Preprocessing for files ['ex1.docx', 'ex2.docx', 'demo.docx']
[EVALUATOR] 2022-02-10 23:35:13,330: Preprocessing for files ['ex1.docx']
[EVALUATOR] 2022-02-10 23:37:15,120: Preprocessing for files ['ex1.docx']
[EVALUATOR] 2022-02-10 23:37:59,943: Preprocessing for files ['ex1.docx']
[EVALUATOR] 2022-02-10 23:40:12,902: Preprocessing for files ['ex1.docx', 'demo.docx']
[EVALUATOR] 2022-02-10 23:40:52,484: Preprocessing for files ['ex1.docx', 'demo.docx']
[EVALUATOR] 2022-02-10 23:41:58,254: Preprocessing for files ['ex1.docx', 'demo.docx']
[EVALUATOR] 2022-02-10 23:42:18,087: Preprocessing for files ['ex1.docx', 'demo.docx']
